<?xml version="1.0" encoding="UTF-8"?>
<testng-results ignored="0" total="2" passed="2" failed="0" skipped="0">
  <reporter-output>
  </reporter-output>
  <suite started-at="2023-02-08T10:05:02 WIB" name="Default suite" finished-at="2023-02-08T10:05:28 WIB" duration-ms="25158">
    <groups>
    </groups>
    <test started-at="2023-02-08T10:05:02 WIB" name="Default test" finished-at="2023-02-08T10:05:28 WIB" duration-ms="25158">
      <class name="jqueryui.TestNG1">
        <test-method is-config="true" signature="setUp()[pri:0, instance:jqueryui.TestNG1@550dbc7a]" started-at="2023-02-08T10:05:02 WIB" name="setUp" finished-at="2023-02-08T10:05:11 WIB" duration-ms="8978" status="PASS">
          <reporter-output>
          </reporter-output>
        </test-method> <!-- setUp -->
        <test-method signature="oke()[pri:0, instance:jqueryui.TestNG1@550dbc7a]" started-at="2023-02-08T10:05:11 WIB" name="oke" finished-at="2023-02-08T10:05:19 WIB" duration-ms="7430" status="PASS">
          <reporter-output>
          </reporter-output>
        </test-method> <!-- oke -->
        <test-method signature="oke2()[pri:0, instance:jqueryui.TestNG1@550dbc7a]" started-at="2023-02-08T10:05:19 WIB" name="oke2" finished-at="2023-02-08T10:05:28 WIB" duration-ms="8716" status="PASS">
          <reporter-output>
          </reporter-output>
        </test-method> <!-- oke2 -->
      </class> <!-- jqueryui.TestNG1 -->
    </test> <!-- Default test -->
  </suite> <!-- Default suite -->
</testng-results>
